Arguments: 
  C:\Program Files\nodejs\node.exe C:\Users\brlsm\AppData\Roaming\npm\node_modules\yarn\bin\yarn.js init

PATH: 
  C:\Windows\system32;C:\Windows;C:\Windows\System32\Wbem;C:\Windows\System32\WindowsPowerShell\v1.0\;C:\Windows\System32\OpenSSH\;C:\Program Files (x86)\NVIDIA Corporation\PhysX\Common;C:\Program Files\NVIDIA Corporation\NVIDIA NvDLISR;C:\Python\Python3.10;C:\Users\brlsm\AppData\Local\Packages\PythonSoftwareFoundation.Python.3.10_qbz5n2kfra8p0\LocalCache\local-packages\Python310\Scripts;C:\Python\Python3.10\Scripts\;D:\.venv\Scripts;C:\Program Files\nodejs\;C:\Program Files\Git\cmd;C:\ProgramData\chocolatey\bin;C:\Program Files\Graphviz\bin;C:\WINDOWS\system32;C:\WINDOWS;C:\WINDOWS\System32\Wbem;C:\WINDOWS\System32\WindowsPowerShell\v1.0\;C:\WINDOWS\System32\OpenSSH\;C:\Program Files\dotnet\;C:\Program Files\Microsoft SQL Server\150\Tools\Binn\;C:\Program Files\Microsoft SQL Server\Client SDK\ODBC\170\Tools\Binn\;C:\Program Files\Amazon\AWSCLIV2\;C:\Program Files\Docker\Docker\resources\bin;C:\Program Files\MATLAB\R2023a\bin;C:\Python\Python3.10\Scripts\;C:\Python\Python3.10\;C:\Users\brlsm\AppData\Local\Microsoft\WindowsApps;C:\Users\brlsm\AppData\Local\Programs\Microsoft VS Code\bin;C:\Python\Python3.10\Scripts;C:\MinGW\bin;C:\MinGW\include;C:\MinGW\bin\gcc;C:\Users\brlsm\AppData\Roaming\npm;C:\Program Files\nodejs;C:\ProgramData\chocolatey\lib\make;C:\Users\brlsm\AppData\Local\GitHubDesktop\bin;C:\Users\brlsm\.dotnet\tools;C:\Users\brlsm\jq;C:\cygwin64\bin;C:\Users\brlsm\Downloads\dos2unix-7.4.4-win64\bin;

Yarn version: 
  1.22.19

Node version: 
  16.17.0

Platform: 
  win32 x64

Trace: 
  Error: canceled
      at Interface.<anonymous> (C:\Users\brlsm\AppData\Roaming\npm\node_modules\yarn\lib\cli.js:137150:13)
      at Interface.emit (node:events:513:28)
      at Interface._ttyWrite (node:readline:1085:16)
      at ReadStream.onkeypress (node:readline:291:10)
      at ReadStream.emit (node:events:513:28)
      at emitKeys (node:internal/readline/utils:357:14)
      at emitKeys.next (<anonymous>)
      at ReadStream.onData (node:internal/readline/emitKeypressEvents:61:36)
      at ReadStream.emit (node:events:513:28)
      at addChunk (node:internal/streams/readable:315:12)

npm manifest: 
  No manifest

yarn manifest: 
  No manifest

Lockfile: 
  No lockfile
